13:29:30.431 [background-preinit] INFO  o.h.v.i.util.Version - [<clinit>,21] - HV000001: Hibernate Validator 6.2.3.Final
13:29:30.441 [main] INFO  c.o.c.CampusApplication - [logStarting,55] - Starting CampusApplication using Java 1.8.0_382 on FelixMacBookM2.local with PID 92029 (/Users/ftz/Desktop/SchoolForum/project/server/campus-modular/target/classes started by ftz in /Users/ftz/Desktop/SchoolForum/project/server)
13:29:30.451 [main] INFO  c.o.c.CampusApplication - [logStartupProfileInfo,686] - The following 1 profile is active: "dev"
13:29:34.583 [main] INFO  o.a.c.h.Http11NioProtocol - [log,173] - Initializing ProtocolHandler ["http-nio-8160"]
13:29:34.586 [main] INFO  o.a.c.c.StandardService - [log,173] - Starting service [Tomcat]
13:29:34.586 [main] INFO  o.a.c.c.StandardEngine - [log,173] - Starting Servlet engine: [Apache Tomcat/9.0.63]
13:29:34.901 [main] INFO  o.a.c.c.C.[.[.[/] - [log,173] - Initializing Spring embedded WebApplicationContext
13:29:38.376 [main] INFO  c.z.h.HikariDataSource - [getConnection,110] - HikariPool-1 - Starting...
13:29:38.999 [main] INFO  c.z.h.HikariDataSource - [getConnection,123] - HikariPool-1 - Start completed.
13:29:43.847 [main] INFO  o.a.c.h.Http11NioProtocol - [log,173] - Starting ProtocolHandler ["http-nio-8160"]
13:29:44.079 [main] INFO  c.o.c.CampusApplication - [logStarted,61] - Started CampusApplication in 14.342 seconds (JVM running for 16.174)
13:31:22.045 [http-nio-8160-exec-1] INFO  o.a.c.c.C.[.[.[/] - [log,173] - Initializing Spring DispatcherServlet 'dispatcherServlet'
13:31:33.837 [schedule-pool-1] INFO  sys-user - [run,54] - [127.0.0.1]内网IP[admin][1][Success][登录成功]
13:46:24.156 [schedule-pool-2] INFO  sys-user - [run,54] - [127.0.0.1]内网IP[bossqq][1818486196637806593][Success][登录成功]
14:00:08.984 [SpringApplicationShutdownHook] INFO  c.z.h.HikariDataSource - [close,350] - HikariPool-1 - Shutdown initiated...
14:00:09.025 [SpringApplicationShutdownHook] INFO  c.z.h.HikariDataSource - [close,352] - HikariPool-1 - Shutdown completed.
14:01:06.731 [background-preinit] INFO  o.h.v.i.util.Version - [<clinit>,21] - HV000001: Hibernate Validator 6.2.3.Final
14:01:06.739 [main] INFO  c.o.c.CampusApplication - [logStarting,55] - Starting CampusApplication using Java 1.8.0_382 on FelixMacBookM2.local with PID 94043 (/Users/ftz/Desktop/SchoolForum/project/server/campus-modular/target/classes started by ftz in /Users/ftz/Desktop/SchoolForum/project/server)
14:01:06.745 [main] INFO  c.o.c.CampusApplication - [logStartupProfileInfo,686] - The following 1 profile is active: "dev"
14:01:10.718 [main] INFO  o.a.c.h.Http11NioProtocol - [log,173] - Initializing ProtocolHandler ["http-nio-8160"]
14:01:10.721 [main] INFO  o.a.c.c.StandardService - [log,173] - Starting service [Tomcat]
14:01:10.721 [main] INFO  o.a.c.c.StandardEngine - [log,173] - Starting Servlet engine: [Apache Tomcat/9.0.63]
14:01:10.870 [main] INFO  o.a.c.c.C.[.[.[/] - [log,173] - Initializing Spring embedded WebApplicationContext
14:01:14.417 [main] INFO  c.z.h.HikariDataSource - [getConnection,110] - HikariPool-1 - Starting...
14:01:14.978 [main] INFO  c.z.h.HikariDataSource - [getConnection,123] - HikariPool-1 - Start completed.
14:01:19.722 [main] INFO  o.a.c.h.Http11NioProtocol - [log,173] - Starting ProtocolHandler ["http-nio-8160"]
14:01:19.869 [main] INFO  c.o.c.CampusApplication - [logStarted,61] - Started CampusApplication in 13.814 seconds (JVM running for 39.929)
14:02:15.213 [http-nio-8160-exec-1] INFO  o.a.c.c.C.[.[.[/] - [log,173] - Initializing Spring DispatcherServlet 'dispatcherServlet'
14:12:48.773 [schedule-pool-1] INFO  sys-user - [run,54] - [127.0.0.1]内网IP[admin][1][Logout][退出成功]
14:12:54.409 [schedule-pool-2] INFO  sys-user - [run,54] - [127.0.0.1]内网IP[admin][1][Success][登录成功]
14:23:04.815 [SpringApplicationShutdownHook] INFO  c.z.h.HikariDataSource - [close,350] - HikariPool-1 - Shutdown initiated...
14:23:04.850 [SpringApplicationShutdownHook] INFO  c.z.h.HikariDataSource - [close,352] - HikariPool-1 - Shutdown completed.
14:25:25.487 [background-preinit] INFO  o.h.v.i.util.Version - [<clinit>,21] - HV000001: Hibernate Validator 6.2.3.Final
14:25:25.492 [main] INFO  c.o.c.CampusApplication - [logStarting,55] - Starting CampusApplication using Java 1.8.0_382 on FelixMacBookM2.local with PID 95527 (/Users/ftz/Desktop/SchoolForum/project/server/campus-modular/target/classes started by ftz in /Users/ftz/Desktop/SchoolForum/project/server)
14:25:25.497 [main] INFO  c.o.c.CampusApplication - [logStartupProfileInfo,686] - The following 1 profile is active: "dev"
14:25:29.337 [main] INFO  o.a.c.h.Http11NioProtocol - [log,173] - Initializing ProtocolHandler ["http-nio-8160"]
14:25:29.339 [main] INFO  o.a.c.c.StandardService - [log,173] - Starting service [Tomcat]
14:25:29.340 [main] INFO  o.a.c.c.StandardEngine - [log,173] - Starting Servlet engine: [Apache Tomcat/9.0.63]
14:25:29.515 [main] INFO  o.a.c.c.C.[.[.[/] - [log,173] - Initializing Spring embedded WebApplicationContext
14:25:32.875 [main] INFO  c.z.h.HikariDataSource - [getConnection,110] - HikariPool-1 - Starting...
14:25:33.445 [main] INFO  c.z.h.HikariDataSource - [getConnection,123] - HikariPool-1 - Start completed.
14:25:38.164 [main] INFO  o.a.c.h.Http11NioProtocol - [log,173] - Starting ProtocolHandler ["http-nio-8160"]
14:25:38.333 [main] INFO  c.o.c.CampusApplication - [logStarted,61] - Started CampusApplication in 13.464 seconds (JVM running for 14.639)
14:25:57.574 [http-nio-8160-exec-2] INFO  o.a.c.c.C.[.[.[/] - [log,173] - Initializing Spring DispatcherServlet 'dispatcherServlet'
